<?xml version="1.0" encoding="UTF-8"?>
<!-- Generated by org.testng.reporters.JUnitReportReporter -->
<testsuite skipped="0" hostname="40762df00944" name="com.searchmodule.tests.SearchTest" tests="4" failures="0" timestamp="2022-05-18T07:28:35 GMT" time="240.164" errors="0">
  <testcase name="search" time="59.260" classname="com.searchmodule.tests.SearchTest"/>
  <system-out/>
  <testcase name="search" time="58.318" classname="com.searchmodule.tests.SearchTest"/>
  <system-out/>
  <testcase name="search" time="64.745" classname="com.searchmodule.tests.SearchTest"/>
  <system-out/>
  <testcase name="search" time="57.841" classname="com.searchmodule.tests.SearchTest"/>
  <system-out/>
</testsuite> <!-- com.searchmodule.tests.SearchTest -->
